app/build/intermediates/manifest_merge_blame_file/debug/processDebugMainManifest/manifest-merger-blame-debug-report.txt
1<?xml version="1.0" encoding="utf-8"?>
2<manifest xmlns:android="http://schemas.android.com/apk/res/android"
3    package="com.cardcopyautomat.app"
4    android:versionCode="1"
5    android:versionName="1.0" >
6
7    <uses-sdk
8        android:minSdkVersion="28"
9        android:targetSdkVersion="34" />
10
11    <!-- USB OTG host mode: required to notice the card reader being attached -->
12    <uses-feature
12-->src/main/AndroidManifest.xml:5:5-86
13        android:name="android.hardware.usb.host"
13-->src/main/AndroidManifest.xml:5:19-59
14        android:required="true" />
14-->src/main/AndroidManifest.xml:5:60-83
15
16    <uses-permission android:name="android.permission.INTERNET" />
16-->src/main/AndroidManifest.xml:7:5-67
16-->src/main/AndroidManifest.xml:7:22-64
17    <uses-permission android:name="android.permission.VIBRATE" />
17-->src/main/AndroidManifest.xml:8:5-66
17-->src/main/AndroidManifest.xml:8:22-63
18    <uses-permission android:name="android.permission.FOREGROUND_SERVICE" />
18-->src/main/AndroidManifest.xml:9:5-77
18-->src/main/AndroidManifest.xml:9:22-74
19    <uses-permission android:name="android.permission.FOREGROUND_SERVICE_DATA_SYNC" />
19-->src/main/AndroidManifest.xml:10:5-87
19-->src/main/AndroidManifest.xml:10:22-84
20    <uses-permission android:name="android.permission.POST_NOTIFICATIONS" />
20-->src/main/AndroidManifest.xml:11:5-77
20-->src/main/AndroidManifest.xml:11:22-74
21    <uses-permission android:name="android.permission.GET_ACCOUNTS" />
21-->src/main/AndroidManifest.xml:12:5-71
21-->src/main/AndroidManifest.xml:12:22-68
22    <uses-permission
22-->src/main/AndroidManifest.xml:13:5-101
23        android:name="android.permission.MANAGE_ACCOUNTS"
23-->src/main/AndroidManifest.xml:13:22-71
24        android:maxSdkVersion="22" />
24-->src/main/AndroidManifest.xml:13:72-98
25    <uses-permission android:name="android.permission.WAKE_LOCK" />
25-->src/main/AndroidManifest.xml:14:5-68
25-->src/main/AndroidManifest.xml:14:22-65
26    <uses-permission
26-->src/main/AndroidManifest.xml:15:5-108
27        android:name="android.permission.WRITE_EXTERNAL_STORAGE"
27-->src/main/AndroidManifest.xml:15:22-78
28        android:maxSdkVersion="28" />
28-->src/main/AndroidManifest.xml:15:79-105
29    <uses-permission
29-->src/main/AndroidManifest.xml:16:5-107
30        android:name="android.permission.READ_EXTERNAL_STORAGE"
30-->src/main/AndroidManifest.xml:16:22-77
31        android:maxSdkVersion="32" />
31-->src/main/AndroidManifest.xml:16:78-104
32    <uses-permission android:name="android.permission.READ_MEDIA_IMAGES" />
32-->src/main/AndroidManifest.xml:17:5-76
32-->src/main/AndroidManifest.xml:17:22-73
33    <uses-permission android:name="android.permission.ACCESS_NETWORK_STATE" />
33-->[androidx.work:work-runtime:2.9.0] AndroidManifest.xml:24:5-79
33-->[androidx.work:work-runtime:2.9.0] AndroidManifest.xml:24:22-76
34    <uses-permission android:name="android.permission.RECEIVE_BOOT_COMPLETED" />
34-->[androidx.work:work-runtime:2.9.0] AndroidManifest.xml:25:5-81
34-->[androidx.work:work-runtime:2.9.0] AndroidManifest.xml:25:22-78
35
36    <permission
36-->[androidx.core:core:1.13.1] AndroidManifest.xml:22:5-24:47
37        android:name="com.cardcopyautomat.app.DYNAMIC_RECEIVER_NOT_EXPORTED_PERMISSION"
37-->[androidx.core:core:1.13.1] AndroidManifest.xml:23:9-81
38        android:protectionLevel="signature" />
38-->[androidx.core:core:1.13.1] AndroidManifest.xml:24:9-44
39
40    <uses-permission android:name="com.cardcopyautomat.app.DYNAMIC_RECEIVER_NOT_EXPORTED_PERMISSION" />
40-->[androidx.core:core:1.13.1] AndroidManifest.xml:26:5-97
40-->[androidx.core:core:1.13.1] AndroidManifest.xml:26:22-94
41
42    <application
42-->src/main/AndroidManifest.xml:19:5-80:19
43        android:allowBackup="true"
43-->src/main/AndroidManifest.xml:20:9-35
44        android:appComponentFactory="androidx.core.app.CoreComponentFactory"
44-->[androidx.core:core:1.13.1] AndroidManifest.xml:28:18-86
45        android:debuggable="true"
46        android:extractNativeLibs="false"
47        android:icon="@drawable/automat"
47-->src/main/AndroidManifest.xml:21:9-41
48        android:label="@string/app_name"
48-->src/main/AndroidManifest.xml:23:9-41
49        android:roundIcon="@drawable/automat"
49-->src/main/AndroidManifest.xml:22:9-46
50        android:theme="@style/Theme.CardCopyAutomat"
50-->src/main/AndroidManifest.xml:24:9-53
51        android:usesCleartextTraffic="false" >
51-->src/main/AndroidManifest.xml:25:9-45
52        <activity
52-->src/main/AndroidManifest.xml:27:9-35:20
53            android:name="com.cardcopyautomat.app.SplashActivity"
53-->src/main/AndroidManifest.xml:28:13-43
54            android:exported="true"
54-->src/main/AndroidManifest.xml:29:13-36
55            android:theme="@style/Theme.CardCopyAutomat" >
55-->src/main/AndroidManifest.xml:30:13-57
56            <intent-filter>
56-->src/main/AndroidManifest.xml:31:13-34:29
57                <action android:name="android.intent.action.MAIN" />
57-->src/main/AndroidManifest.xml:32:17-69
57-->src/main/AndroidManifest.xml:32:25-66
58
59                <category android:name="android.intent.category.LAUNCHER" />
59-->src/main/AndroidManifest.xml:33:17-77
59-->src/main/AndroidManifest.xml:33:27-74
60            </intent-filter>
61        </activity>
62        <activity
62-->src/main/AndroidManifest.xml:37:9-50:20
63            android:name="com.cardcopyautomat.app.MainActivity"
63-->src/main/AndroidManifest.xml:38:13-41
64            android:exported="true"
64-->src/main/AndroidManifest.xml:39:13-36
65            android:launchMode="singleTop" >
65-->src/main/AndroidManifest.xml:40:13-43
66
67            <!--
68                 Lets Android hand us the USB-attached event directly, in addition
69                 to the broadcast receiver below (covers OEMs that only fire one
70                 or the other, and lets the app open to a relevant screen).
71            -->
72            <intent-filter>
72-->src/main/AndroidManifest.xml:44:13-46:29
73                <action android:name="android.hardware.usb.action.USB_DEVICE_ATTACHED" />
73-->src/main/AndroidManifest.xml:45:17-90
73-->src/main/AndroidManifest.xml:45:25-87
74            </intent-filter>
75
76            <meta-data
76-->src/main/AndroidManifest.xml:47:13-49:57
77                android:name="android.hardware.usb.action.USB_DEVICE_ATTACHED"
77-->src/main/AndroidManifest.xml:48:17-79
78                android:resource="@xml/device_filter" />
78-->src/main/AndroidManifest.xml:49:17-54
79        </activity>
80        <activity
80-->src/main/AndroidManifest.xml:52:9-55:54
81            android:name="com.cardcopyautomat.app.SettingsActivity"
81-->src/main/AndroidManifest.xml:53:13-45
82            android:exported="false"
82-->src/main/AndroidManifest.xml:54:13-37
83            android:label="@string/settings_title" />
83-->src/main/AndroidManifest.xml:55:13-51
84        <activity
84-->src/main/AndroidManifest.xml:57:9-59:40
85            android:name="com.cardcopyautomat.app.InfoActivity"
85-->src/main/AndroidManifest.xml:58:13-41
86            android:exported="false" />
86-->src/main/AndroidManifest.xml:59:13-37
87
88        <!--
89             Always-on receiver so a card reader attach is caught even if the
90             app isn't currently open.
91        -->
92        <receiver
92-->src/main/AndroidManifest.xml:63:9-73:20
93            android:name="com.cardcopyautomat.app.UsbAttachReceiver"
93-->src/main/AndroidManifest.xml:64:13-46
94            android:exported="true" >
94-->src/main/AndroidManifest.xml:65:13-36
95            <intent-filter>
95-->src/main/AndroidManifest.xml:66:13-69:29
96                <action android:name="android.hardware.usb.action.USB_DEVICE_ATTACHED" />
96-->src/main/AndroidManifest.xml:45:17-90
96-->src/main/AndroidManifest.xml:45:25-87
97                <action android:name="android.hardware.usb.action.USB_DEVICE_DETACHED" />
97-->src/main/AndroidManifest.xml:68:17-90
97-->src/main/AndroidManifest.xml:68:25-87
98            </intent-filter>
99
100            <meta-data
100-->src/main/AndroidManifest.xml:47:13-49:57
101                android:name="android.hardware.usb.action.USB_DEVICE_ATTACHED"
101-->src/main/AndroidManifest.xml:48:17-79
102                android:resource="@xml/device_filter" />
102-->src/main/AndroidManifest.xml:49:17-54
103        </receiver>
104
105        <service
105-->src/main/AndroidManifest.xml:75:9-78:56
106            android:name="com.cardcopyautomat.app.CardCopyService"
106-->src/main/AndroidManifest.xml:76:13-44
107            android:exported="false"
107-->src/main/AndroidManifest.xml:77:13-37
108            android:foregroundServiceType="dataSync" />
108-->src/main/AndroidManifest.xml:78:13-53
109
110        <provider
110-->[androidx.emoji2:emoji2:1.3.0] AndroidManifest.xml:24:9-32:20
111            android:name="androidx.startup.InitializationProvider"
111-->[androidx.emoji2:emoji2:1.3.0] AndroidManifest.xml:25:13-67
112            android:authorities="com.cardcopyautomat.app.androidx-startup"
112-->[androidx.emoji2:emoji2:1.3.0] AndroidManifest.xml:26:13-68
113            android:exported="false" >
113-->[androidx.emoji2:emoji2:1.3.0] AndroidManifest.xml:27:13-37
114            <meta-data
114-->[androidx.emoji2:emoji2:1.3.0] AndroidManifest.xml:29:13-31:52
115                android:name="androidx.emoji2.text.EmojiCompatInitializer"
115-->[androidx.emoji2:emoji2:1.3.0] AndroidManifest.xml:30:17-75
116                android:value="androidx.startup" />
116-->[androidx.emoji2:emoji2:1.3.0] AndroidManifest.xml:31:17-49
117            <meta-data
117-->[androidx.work:work-runtime:2.9.0] AndroidManifest.xml:34:13-36:52
118                android:name="androidx.work.WorkManagerInitializer"
118-->[androidx.work:work-runtime:2.9.0] AndroidManifest.xml:35:17-68
119                android:value="androidx.startup" />
119-->[androidx.work:work-runtime:2.9.0] AndroidManifest.xml:36:17-49
120            <meta-data
120-->[androidx.lifecycle:lifecycle-process:2.8.1] AndroidManifest.xml:29:13-31:52
121                android:name="androidx.lifecycle.ProcessLifecycleInitializer"
121-->[androidx.lifecycle:lifecycle-process:2.8.1] AndroidManifest.xml:30:17-78
122                android:value="androidx.startup" />
122-->[androidx.lifecycle:lifecycle-process:2.8.1] AndroidManifest.xml:31:17-49
123            <meta-data
123-->[androidx.profileinstaller:profileinstaller:1.3.1] AndroidManifest.xml:29:13-31:52
124                android:name="androidx.profileinstaller.ProfileInstallerInitializer"
124-->[androidx.profileinstaller:profileinstaller:1.3.1] AndroidManifest.xml:30:17-85
125                android:value="androidx.startup" />
125-->[androidx.profileinstaller:profileinstaller:1.3.1] AndroidManifest.xml:31:17-49
126        </provider>
127
128        <activity
128-->[com.google.android.gms:play-services-auth:21.2.0] AndroidManifest.xml:23:9-27:75
129            android:name="com.google.android.gms.auth.api.signin.internal.SignInHubActivity"
129-->[com.google.android.gms:play-services-auth:21.2.0] AndroidManifest.xml:24:13-93
130            android:excludeFromRecents="true"
130-->[com.google.android.gms:play-services-auth:21.2.0] AndroidManifest.xml:25:13-46
131            android:exported="false"
131-->[com.google.android.gms:play-services-auth:21.2.0] AndroidManifest.xml:26:13-37
132            android:theme="@android:style/Theme.Translucent.NoTitleBar" />
132-->[com.google.android.gms:play-services-auth:21.2.0] AndroidManifest.xml:27:13-72
133        <!--
134            Service handling Google Sign-In user revocation. For apps that do not integrate with
135            Google Sign-In, this service will never be started.
136        -->
137        <service
137-->[com.google.android.gms:play-services-auth:21.2.0] AndroidManifest.xml:33:9-37:51
138            android:name="com.google.android.gms.auth.api.signin.RevocationBoundService"
138-->[com.google.android.gms:play-services-auth:21.2.0] AndroidManifest.xml:34:13-89
139            android:exported="true"
139-->[com.google.android.gms:play-services-auth:21.2.0] AndroidManifest.xml:35:13-36
140            android:permission="com.google.android.gms.auth.api.signin.permission.REVOCATION_NOTIFICATION"
140-->[com.google.android.gms:play-services-auth:21.2.0] AndroidManifest.xml:36:13-107
141            android:visibleToInstantApps="true" />
141-->[com.google.android.gms:play-services-auth:21.2.0] AndroidManifest.xml:37:13-48
142
143        <activity
143-->[com.google.android.gms:play-services-base:18.3.0] AndroidManifest.xml:20:9-22:45
144            android:name="com.google.android.gms.common.api.GoogleApiActivity"
144-->[com.google.android.gms:play-services-base:18.3.0] AndroidManifest.xml:20:19-85
145            android:exported="false"
145-->[com.google.android.gms:play-services-base:18.3.0] AndroidManifest.xml:22:19-43
146            android:theme="@android:style/Theme.Translucent.NoTitleBar" />
146-->[com.google.android.gms:play-services-base:18.3.0] AndroidManifest.xml:21:19-78
147
148        <meta-data
148-->[com.google.android.gms:play-services-basement:18.3.0] AndroidManifest.xml:21:9-23:69
149            android:name="com.google.android.gms.version"
149-->[com.google.android.gms:play-services-basement:18.3.0] AndroidManifest.xml:22:13-58
150            android:value="@integer/google_play_services_version" />
150-->[com.google.android.gms:play-services-basement:18.3.0] AndroidManifest.xml:23:13-66
151
152        <service
152-->[androidx.work:work-runtime:2.9.0] AndroidManifest.xml:39:9-45:35
153            android:name="androidx.work.impl.background.systemalarm.SystemAlarmService"
153-->[androidx.work:work-runtime:2.9.0] AndroidManifest.xml:40:13-88
154            android:directBootAware="false"
154-->[androidx.work:work-runtime:2.9.0] AndroidManifest.xml:41:13-44
155            android:enabled="@bool/enable_system_alarm_service_default"
155-->[androidx.work:work-runtime:2.9.0] AndroidManifest.xml:42:13-72
156            android:exported="false" />
156-->[androidx.work:work-runtime:2.9.0] AndroidManifest.xml:43:13-37
157        <service
157-->[androidx.work:work-runtime:2.9.0] AndroidManifest.xml:46:9-52:35
158            android:name="androidx.work.impl.background.systemjob.SystemJobService"
158-->[androidx.work:work-runtime:2.9.0] AndroidManifest.xml:47:13-84
159            android:directBootAware="false"
159-->[androidx.work:work-runtime:2.9.0] AndroidManifest.xml:48:13-44
160            android:enabled="@bool/enable_system_job_service_default"
160-->[androidx.work:work-runtime:2.9.0] AndroidManifest.xml:49:13-70
161            android:exported="true"
161-->[androidx.work:work-runtime:2.9.0] AndroidManifest.xml:50:13-36
162            android:permission="android.permission.BIND_JOB_SERVICE" />
162-->[androidx.work:work-runtime:2.9.0] AndroidManifest.xml:51:13-69
163        <service
163-->[androidx.work:work-runtime:2.9.0] AndroidManifest.xml:53:9-59:35
164            android:name="androidx.work.impl.foreground.SystemForegroundService"
164-->[androidx.work:work-runtime:2.9.0] AndroidManifest.xml:54:13-81
165            android:directBootAware="false"
165-->[androidx.work:work-runtime:2.9.0] AndroidManifest.xml:55:13-44
166            android:enabled="@bool/enable_system_foreground_service_default"
166-->[androidx.work:work-runtime:2.9.0] AndroidManifest.xml:56:13-77
167            android:exported="false" />
167-->[androidx.work:work-runtime:2.9.0] AndroidManifest.xml:57:13-37
168
169        <receiver
169-->[androidx.work:work-runtime:2.9.0] AndroidManifest.xml:61:9-66:35
170            android:name="androidx.work.impl.utils.ForceStopRunnable$BroadcastReceiver"
170-->[androidx.work:work-runtime:2.9.0] AndroidManifest.xml:62:13-88
171            android:directBootAware="false"
171-->[androidx.work:work-runtime:2.9.0] AndroidManifest.xml:63:13-44
172            android:enabled="true"
172-->[androidx.work:work-runtime:2.9.0] AndroidManifest.xml:64:13-35
173            android:exported="false" />
173-->[androidx.work:work-runtime:2.9.0] AndroidManifest.xml:65:13-37
174        <receiver
174-->[androidx.work:work-runtime:2.9.0] AndroidManifest.xml:67:9-77:20
175            android:name="androidx.work.impl.background.systemalarm.ConstraintProxy$BatteryChargingProxy"
175-->[androidx.work:work-runtime:2.9.0] AndroidManifest.xml:68:13-106
176            android:directBootAware="false"
176-->[androidx.work:work-runtime:2.9.0] AndroidManifest.xml:69:13-44
177            android:enabled="false"
177-->[androidx.work:work-runtime:2.9.0] AndroidManifest.xml:70:13-36
178            android:exported="false" >
178-->[androidx.work:work-runtime:2.9.0] AndroidManifest.xml:71:13-37
179            <intent-filter>
179-->[androidx.work:work-runtime:2.9.0] AndroidManifest.xml:73:13-76:29
180                <action android:name="android.intent.action.ACTION_POWER_CONNECTED" />
180-->[androidx.work:work-runtime:2.9.0] AndroidManifest.xml:74:17-87
180-->[androidx.work:work-runtime:2.9.0] AndroidManifest.xml:74:25-84
181                <action android:name="android.intent.action.ACTION_POWER_DISCONNECTED" />
181-->[androidx.work:work-runtime:2.9.0] AndroidManifest.xml:75:17-90
181-->[androidx.work:work-runtime:2.9.0] AndroidManifest.xml:75:25-87
182            </intent-filter>
183        </receiver>
184        <receiver
184-->[androidx.work:work-runtime:2.9.0] AndroidManifest.xml:78:9-88:20
185            android:name="androidx.work.impl.background.systemalarm.ConstraintProxy$BatteryNotLowProxy"
185-->[androidx.work:work-runtime:2.9.0] AndroidManifest.xml:79:13-104
186            android:directBootAware="false"
186-->[androidx.work:work-runtime:2.9.0] AndroidManifest.xml:80:13-44
187            android:enabled="false"
187-->[androidx.work:work-runtime:2.9.0] AndroidManifest.xml:81:13-36
188            android:exported="false" >
188-->[androidx.work:work-runtime:2.9.0] AndroidManifest.xml:82:13-37
189            <intent-filter>
189-->[androidx.work:work-runtime:2.9.0] AndroidManifest.xml:84:13-87:29
190                <action android:name="android.intent.action.BATTERY_OKAY" />
190-->[androidx.work:work-runtime:2.9.0] AndroidManifest.xml:85:17-77
190-->[androidx.work:work-runtime:2.9.0] AndroidManifest.xml:85:25-74
191                <action android:name="android.intent.action.BATTERY_LOW" />
191-->[androidx.work:work-runtime:2.9.0] AndroidManifest.xml:86:17-76
191-->[androidx.work:work-runtime:2.9.0] AndroidManifest.xml:86:25-73
192            </intent-filter>
193        </receiver>
194        <receiver
194-->[androidx.work:work-runtime:2.9.0] AndroidManifest.xml:89:9-99:20
195            android:name="androidx.work.impl.background.systemalarm.ConstraintProxy$StorageNotLowProxy"
195-->[androidx.work:work-runtime:2.9.0] AndroidManifest.xml:90:13-104
196            android:directBootAware="false"
196-->[androidx.work:work-runtime:2.9.0] AndroidManifest.xml:91:13-44
197            android:enabled="false"
197-->[androidx.work:work-runtime:2.9.0] AndroidManifest.xml:92:13-36
198            android:exported="false" >
198-->[androidx.work:work-runtime:2.9.0] AndroidManifest.xml:93:13-37
199            <intent-filter>
199-->[androidx.work:work-runtime:2.9.0] AndroidManifest.xml:95:13-98:29
200                <action android:name="android.intent.action.DEVICE_STORAGE_LOW" />
200-->[androidx.work:work-runtime:2.9.0] AndroidManifest.xml:96:17-83
200-->[androidx.work:work-runtime:2.9.0] AndroidManifest.xml:96:25-80
201                <action android:name="android.intent.action.DEVICE_STORAGE_OK" />
201-->[androidx.work:work-runtime:2.9.0] AndroidManifest.xml:97:17-82
201-->[androidx.work:work-runtime:2.9.0] AndroidManifest.xml:97:25-79
202            </intent-filter>
203        </receiver>
204        <receiver
204-->[androidx.work:work-runtime:2.9.0] AndroidManifest.xml:100:9-109:20
205            android:name="androidx.work.impl.background.systemalarm.ConstraintProxy$NetworkStateProxy"
205-->[androidx.work:work-runtime:2.9.0] AndroidManifest.xml:101:13-103
206            android:directBootAware="false"
206-->[androidx.work:work-runtime:2.9.0] AndroidManifest.xml:102:13-44
207            android:enabled="false"
207-->[androidx.work:work-runtime:2.9.0] AndroidManifest.xml:103:13-36
208            android:exported="false" >
208-->[androidx.work:work-runtime:2.9.0] AndroidManifest.xml:104:13-37
209            <intent-filter>
209-->[androidx.work:work-runtime:2.9.0] AndroidManifest.xml:106:13-108:29
210                <action android:name="android.net.conn.CONNECTIVITY_CHANGE" />
210-->[androidx.work:work-runtime:2.9.0] AndroidManifest.xml:107:17-79
210-->[androidx.work:work-runtime:2.9.0] AndroidManifest.xml:107:25-76
211            </intent-filter>
212        </receiver>
213        <receiver
213-->[androidx.work:work-runtime:2.9.0] AndroidManifest.xml:110:9-121:20
214            android:name="androidx.work.impl.background.systemalarm.RescheduleReceiver"
214-->[androidx.work:work-runtime:2.9.0] AndroidManifest.xml:111:13-88
215            android:directBootAware="false"
215-->[androidx.work:work-runtime:2.9.0] AndroidManifest.xml:112:13-44
216            android:enabled="false"
216-->[androidx.work:work-runtime:2.9.0] AndroidManifest.xml:113:13-36
217            android:exported="false" >
217-->[androidx.work:work-runtime:2.9.0] AndroidManifest.xml:114:13-37
218            <intent-filter>
218-->[androidx.work:work-runtime:2.9.0] AndroidManifest.xml:116:13-120:29
219                <action android:name="android.intent.action.BOOT_COMPLETED" />
219-->[androidx.work:work-runtime:2.9.0] AndroidManifest.xml:117:17-79
219-->[androidx.work:work-runtime:2.9.0] AndroidManifest.xml:117:25-76
220                <action android:name="android.intent.action.TIME_SET" />
220-->[androidx.work:work-runtime:2.9.0] AndroidManifest.xml:118:17-73
220-->[androidx.work:work-runtime:2.9.0] AndroidManifest.xml:118:25-70
221                <action android:name="android.intent.action.TIMEZONE_CHANGED" />
221-->[androidx.work:work-runtime:2.9.0] AndroidManifest.xml:119:17-81
221-->[androidx.work:work-runtime:2.9.0] AndroidManifest.xml:119:25-78
222            </intent-filter>
223        </receiver>
224        <receiver
224-->[androidx.work:work-runtime:2.9.0] AndroidManifest.xml:122:9-131:20
225            android:name="androidx.work.impl.background.systemalarm.ConstraintProxyUpdateReceiver"
225-->[androidx.work:work-runtime:2.9.0] AndroidManifest.xml:123:13-99
226            android:directBootAware="false"
226-->[androidx.work:work-runtime:2.9.0] AndroidManifest.xml:124:13-44
227            android:enabled="@bool/enable_system_alarm_service_default"
227-->[androidx.work:work-runtime:2.9.0] AndroidManifest.xml:125:13-72
228            android:exported="false" >
228-->[androidx.work:work-runtime:2.9.0] AndroidManifest.xml:126:13-37
229            <intent-filter>
229-->[androidx.work:work-runtime:2.9.0] AndroidManifest.xml:128:13-130:29
230                <action android:name="androidx.work.impl.background.systemalarm.UpdateProxies" />
230-->[androidx.work:work-runtime:2.9.0] AndroidManifest.xml:129:17-98
230-->[androidx.work:work-runtime:2.9.0] AndroidManifest.xml:129:25-95
231            </intent-filter>
232        </receiver>
233        <receiver
233-->[androidx.work:work-runtime:2.9.0] AndroidManifest.xml:132:9-142:20
234            android:name="androidx.work.impl.diagnostics.DiagnosticsReceiver"
234-->[androidx.work:work-runtime:2.9.0] AndroidManifest.xml:133:13-78
235            android:directBootAware="false"
235-->[androidx.work:work-runtime:2.9.0] AndroidManifest.xml:134:13-44
236            android:enabled="true"
236-->[androidx.work:work-runtime:2.9.0] AndroidManifest.xml:135:13-35
237            android:exported="true"
237-->[androidx.work:work-runtime:2.9.0] AndroidManifest.xml:136:13-36
238            android:permission="android.permission.DUMP" >
238-->[androidx.work:work-runtime:2.9.0] AndroidManifest.xml:137:13-57
239            <intent-filter>
239-->[androidx.work:work-runtime:2.9.0] AndroidManifest.xml:139:13-141:29
240                <action android:name="androidx.work.diagnostics.REQUEST_DIAGNOSTICS" />
240-->[androidx.work:work-runtime:2.9.0] AndroidManifest.xml:140:17-88
240-->[androidx.work:work-runtime:2.9.0] AndroidManifest.xml:140:25-85
241            </intent-filter>
242        </receiver>
243
244        <uses-library
244-->[androidx.window:window:1.0.0] AndroidManifest.xml:25:9-27:40
245            android:name="androidx.window.extensions"
245-->[androidx.window:window:1.0.0] AndroidManifest.xml:26:13-54
246            android:required="false" />
246-->[androidx.window:window:1.0.0] AndroidManifest.xml:27:13-37
247        <uses-library
247-->[androidx.window:window:1.0.0] AndroidManifest.xml:28:9-30:40
248            android:name="androidx.window.sidecar"
248-->[androidx.window:window:1.0.0] AndroidManifest.xml:29:13-51
249            android:required="false" />
249-->[androidx.window:window:1.0.0] AndroidManifest.xml:30:13-37
250
251        <service
251-->[androidx.room:room-runtime:2.5.0] AndroidManifest.xml:24:9-28:63
252            android:name="androidx.room.MultiInstanceInvalidationService"
252-->[androidx.room:room-runtime:2.5.0] AndroidManifest.xml:25:13-74
253            android:directBootAware="true"
253-->[androidx.room:room-runtime:2.5.0] AndroidManifest.xml:26:13-43
254            android:exported="false" />
254-->[androidx.room:room-runtime:2.5.0] AndroidManifest.xml:27:13-37
255
256        <receiver
256-->[androidx.profileinstaller:profileinstaller:1.3.1] AndroidManifest.xml:34:9-52:20
257            android:name="androidx.profileinstaller.ProfileInstallReceiver"
257-->[androidx.profileinstaller:profileinstaller:1.3.1] AndroidManifest.xml:35:13-76
258            android:directBootAware="false"
258-->[androidx.profileinstaller:profileinstaller:1.3.1] AndroidManifest.xml:36:13-44
259            android:enabled="true"
259-->[androidx.profileinstaller:profileinstaller:1.3.1] AndroidManifest.xml:37:13-35
260            android:exported="true"
260-->[androidx.profileinstaller:profileinstaller:1.3.1] AndroidManifest.xml:38:13-36
261            android:permission="android.permission.DUMP" >
261-->[androidx.profileinstaller:profileinstaller:1.3.1] AndroidManifest.xml:39:13-57
262            <intent-filter>
262-->[androidx.profileinstaller:profileinstaller:1.3.1] AndroidManifest.xml:40:13-42:29
263                <action android:name="androidx.profileinstaller.action.INSTALL_PROFILE" />
263-->[androidx.profileinstaller:profileinstaller:1.3.1] AndroidManifest.xml:41:17-91
263-->[androidx.profileinstaller:profileinstaller:1.3.1] AndroidManifest.xml:41:25-88
264            </intent-filter>
265            <intent-filter>
265-->[androidx.profileinstaller:profileinstaller:1.3.1] AndroidManifest.xml:43:13-45:29
266                <action android:name="androidx.profileinstaller.action.SKIP_FILE" />
266-->[androidx.profileinstaller:profileinstaller:1.3.1] AndroidManifest.xml:44:17-85
266-->[androidx.profileinstaller:profileinstaller:1.3.1] AndroidManifest.xml:44:25-82
267            </intent-filter>
268            <intent-filter>
268-->[androidx.profileinstaller:profileinstaller:1.3.1] AndroidManifest.xml:46:13-48:29
269                <action android:name="androidx.profileinstaller.action.SAVE_PROFILE" />
269-->[androidx.profileinstaller:profileinstaller:1.3.1] AndroidManifest.xml:47:17-88
269-->[androidx.profileinstaller:profileinstaller:1.3.1] AndroidManifest.xml:47:25-85
270            </intent-filter>
271            <intent-filter>
271-->[androidx.profileinstaller:profileinstaller:1.3.1] AndroidManifest.xml:49:13-51:29
272                <action android:name="androidx.profileinstaller.action.BENCHMARK_OPERATION" />
272-->[androidx.profileinstaller:profileinstaller:1.3.1] AndroidManifest.xml:50:17-95
272-->[androidx.profileinstaller:profileinstaller:1.3.1] AndroidManifest.xml:50:25-92
273            </intent-filter>
274        </receiver>
275    </application>
276
277</manifest>